Build started 24.10.2014 7:13:16.
     1>Project "C:\Users\Alish\Documents\Visual Studio 2013\Projects\OptLabs_alt4\SimplexLab.1-3\SimplexLab.1-3.vcxproj" on node 2 (Build target(s)).
     1>ClCompile:
         C:\Program Files (x86)\Microsoft Visual Studio 12.0\VC\bin\CL.exe /c /ZI /nologo /W3 /WX- /sdl /Od /Oy- /D _MBCS /Gm /EHsc /RTC1 /MDd /GS /fp:precise /Zc:wchar_t /Zc:forScope /Fo"Debug\\" /Fd"Debug\vc120.pdb" /Gd /TP /analyze- /errorReport:prompt main.cpp
         main.cpp
     1>c:\users\alish\documents\visual studio 2013\projects\optlabs_alt4\simplexlab.1-3\main.cpp(81): warning C4244: '=' : conversion from 'float' to 'int', possible loss of data
     1>c:\users\alish\documents\visual studio 2013\projects\optlabs_alt4\simplexlab.1-3\main.cpp(228): warning C4244: '=' : conversion from 'float' to 'int', possible loss of data
     1>c:\users\alish\documents\visual studio 2013\projects\optlabs_alt4\simplexlab.1-3\main.cpp(308): warning C4018: '<' : signed/unsigned mismatch
     1>c:\users\alish\documents\visual studio 2013\projects\optlabs_alt4\simplexlab.1-3\main.cpp(313): warning C4018: '<' : signed/unsigned mismatch
     1>c:\users\alish\documents\visual studio 2013\projects\optlabs_alt4\simplexlab.1-3\main.cpp(316): warning C4018: '<' : signed/unsigned mismatch
     1>c:\users\alish\documents\visual studio 2013\projects\optlabs_alt4\simplexlab.1-3\main.cpp(317): warning C4018: '<' : signed/unsigned mismatch
     1>c:\users\alish\documents\visual studio 2013\projects\optlabs_alt4\simplexlab.1-3\main.cpp(320): warning C4018: '<' : signed/unsigned mismatch
     1>c:\users\alish\documents\visual studio 2013\projects\optlabs_alt4\simplexlab.1-3\main.cpp(323): warning C4018: '<' : signed/unsigned mismatch
     1>c:\users\alish\documents\visual studio 2013\projects\optlabs_alt4\simplexlab.1-3\main.cpp(324): warning C4018: '<' : signed/unsigned mismatch
     1>c:\users\alish\documents\visual studio 2013\projects\optlabs_alt4\simplexlab.1-3\main.cpp(412): warning C4018: '<' : signed/unsigned mismatch
     1>c:\users\alish\documents\visual studio 2013\projects\optlabs_alt4\simplexlab.1-3\main.cpp(399): warning C4101: 'is_integer' : unreferenced local variable
       Link:
         C:\Program Files (x86)\Microsoft Visual Studio 12.0\VC\bin\link.exe /ERRORREPORT:PROMPT /OUT:"C:\Users\Alish\Documents\Visual Studio 2013\Projects\OptLabs_alt4\SimplexLab.1-3\Debug\SimplexLab.1-3.exe" /INCREMENTAL /NOLOGO kernel32.lib user32.lib gdi32.lib winspool.lib comdlg32.lib advapi32.lib shell32.lib ole32.lib oleaut32.lib uuid.lib odbc32.lib odbccp32.lib /MANIFEST /MANIFESTUAC:"level='asInvoker' uiAccess='false'" /manifest:embed /DEBUG /PDB:"C:\Users\Alish\Documents\Visual Studio 2013\Projects\OptLabs_alt4\SimplexLab.1-3\Debug\SimplexLab.1-3.pdb" /TLBID:1 /DYNAMICBASE /NXCOMPAT /IMPLIB:"C:\Users\Alish\Documents\Visual Studio 2013\Projects\OptLabs_alt4\SimplexLab.1-3\Debug\SimplexLab.1-3.lib" /MACHINE:X86 Debug\main.obj
         SimplexLab.1-3.vcxproj -> C:\Users\Alish\Documents\Visual Studio 2013\Projects\OptLabs_alt4\SimplexLab.1-3\Debug\SimplexLab.1-3.exe
     1>Done Building Project "C:\Users\Alish\Documents\Visual Studio 2013\Projects\OptLabs_alt4\SimplexLab.1-3\SimplexLab.1-3.vcxproj" (Build target(s)).

Build succeeded.

Time Elapsed 00:00:04.81
